[debug] [2020-07-15T16:19:40.439Z] ----------------------------------------------------------------------
[debug] [2020-07-15T16:19:40.443Z] Command:       C:\Program Files\nodejs\node.exe C:\Users\danie\AppData\Roaming\npm\node_modules\firebase-tools\lib\bin\firebase.js init
[debug] [2020-07-15T16:19:40.443Z] CLI Version:   8.5.0
[debug] [2020-07-15T16:19:40.444Z] Platform:      win32
[debug] [2020-07-15T16:19:40.444Z] Node Version:  v12.18.0
[debug] [2020-07-15T16:19:40.447Z] Time:          Wed Jul 15 2020 12:19:40 GMT-0400 (Venezuela Time)
[debug] [2020-07-15T16:19:40.448Z] ----------------------------------------------------------------------
[debug] [2020-07-15T16:19:40.448Z] 
[debug] [2020-07-15T16:19:40.466Z] > command requires scopes: ["email","openid","https://www.googleapis.com/auth/cloudplatformprojects.readonly","https://www.googleapis.com/auth/firebase","https://www.googleapis.com/auth/cloud-platform"]
[debug] [2020-07-15T16:19:40.467Z] > authorizing via signed-in user
[info] 
     ######## #### ########  ######## ########     ###     ######  ########
     ##        ##  ##     ## ##       ##     ##  ##   ##  ##       ##
     ######    ##  ########  ######   ########  #########  ######  ######
     ##        ##  ##    ##  ##       ##     ## ##     ##       ## ##
     ##       #### ##     ## ######## ########  ##     ##  ######  ########

You're about to initialize a Firebase project in this directory:

  C:\angular\projects\dajocars

Before we get started, keep in mind:

  * You are currently outside your home directory

[info] 
=== Project Setup
[info] 
[info] First, let's associate this project directory with a Firebase project.
[info] You can create multiple project aliases by running firebase use --add, 
[info] but for now we'll just set up a default project.
[info] 
[debug] [2020-07-15T16:20:11.861Z] > refreshing access token with scopes: ["email","https://www.googleapis.com/auth/cloud-platform","https://www.googleapis.com/auth/cloudplatformprojects.readonly","https://www.googleapis.com/auth/firebase","openid"]
[debug] [2020-07-15T16:20:11.861Z] >>> HTTP REQUEST POST https://www.googleapis.com/oauth2/v3/token  
 <request body omitted>
[debug] [2020-07-15T16:20:14.797Z] <<< HTTP RESPONSE 200 {"content-type":"application/json; charset=utf-8","vary":"X-Origin, Referer, Origin,Accept-Encoding","date":"Wed, 15 Jul 2020 16:20:13 GMT","server":"scaffolding on HTTPServer2","cache-control":"private","x-xss-protection":"0","x-frame-options":"SAMEORIGIN","x-content-type-options":"nosniff","alt-svc":"h3-29=\":443\"; ma=2592000,h3-27=\":443\"; ma=2592000,h3-25=\":443\"; ma=2592000,h3-T050=\":443\"; ma=2592000,h3-Q050=\":443\"; ma=2592000,h3-Q046=\":443\"; ma=2592000,h3-Q043=\":443\"; ma=2592000,quic=\":443\"; ma=2592000; v=\"46,43\"","accept-ranges":"none","transfer-encoding":"chunked"}
[debug] [2020-07-15T16:20:14.813Z] >>> HTTP REQUEST GET https://firebase.googleapis.com/v1beta1/projects?pageSize=100  
 
[debug] [2020-07-15T16:20:17.078Z] <<< HTTP RESPONSE 200 {"content-type":"application/json; charset=UTF-8","vary":"X-Origin, Referer, Origin,Accept-Encoding","date":"Wed, 15 Jul 2020 16:20:16 GMT","server":"ESF","cache-control":"private","x-xss-protection":"0","x-frame-options":"SAMEORIGIN","x-content-type-options":"nosniff","alt-svc":"h3-29=\":443\"; ma=2592000,h3-27=\":443\"; ma=2592000,h3-25=\":443\"; ma=2592000,h3-T050=\":443\"; ma=2592000,h3-Q050=\":443\"; ma=2592000,h3-Q046=\":443\"; ma=2592000,h3-Q043=\":443\"; ma=2592000,quic=\":443\"; ma=2592000; v=\"46,43\"","accept-ranges":"none","transfer-encoding":"chunked"}
[info] i  Using project dajocars (dajocars) 
[info] 
=== Hosting Setup
[info] 
[info] Your public directory is the folder (relative to your project directory) that
[info] will contain Hosting assets to be uploaded with firebase deploy. If you
[info] have a build process for your assets, use your build's output directory.
[info] 
[debug] [2020-12-21T22:53:19.249Z] ----------------------------------------------------------------------
[debug] [2020-12-21T22:53:19.252Z] Command:       C:\Program Files\nodejs\node.exe C:\Users\devdc\AppData\Roaming\npm\node_modules\firebase-tools\lib\bin\firebase.js init
[debug] [2020-12-21T22:53:19.252Z] CLI Version:   9.0.1
[debug] [2020-12-21T22:53:19.252Z] Platform:      win32
[debug] [2020-12-21T22:53:19.252Z] Node Version:  v12.13.0
[debug] [2020-12-21T22:53:19.254Z] Time:          Mon Dec 21 2020 18:53:19 GMT-0400 (GMT-04:00)
[debug] [2020-12-21T22:53:19.254Z] ----------------------------------------------------------------------
[debug] [2020-12-21T22:53:19.254Z] 
[debug] [2020-12-21T22:53:19.262Z] > command requires scopes: ["email","openid","https://www.googleapis.com/auth/cloudplatformprojects.readonly","https://www.googleapis.com/auth/firebase","https://www.googleapis.com/auth/cloud-platform"]
[debug] [2020-12-21T22:53:19.262Z] > authorizing via signed-in user
[info] 
     ######## #### ########  ######## ########     ###     ######  ########
     ##        ##  ##     ## ##       ##     ##  ##   ##  ##       ##
     ######    ##  ########  ######   ########  #########  ######  ######
     ##        ##  ##    ##  ##       ##     ## ##     ##       ## ##
     ##       #### ##     ## ######## ########  ##     ##  ######  ########

You're about to initialize a Firebase project in this directory:

  C:\dev\angular\projects\dajocars\dajocars

Before we get started, keep in mind:

  * You are currently outside your home directory

[info] 
=== Project Setup
[info] 
[info] First, let's associate this project directory with a Firebase project.
[info] You can create multiple project aliases by running firebase use --add, 
[info] but for now we'll just set up a default project.
[info] 
[debug] [2020-12-21T22:53:45.362Z] >>> HTTP REQUEST GET https://firebase.googleapis.com/v1beta1/projects?pageSize=100  
 
[debug] [2020-12-21T22:53:45.880Z] <<< HTTP RESPONSE 200 {"content-type":"application/json; charset=UTF-8","vary":"X-Origin, Referer, Origin,Accept-Encoding","date":"Mon, 21 Dec 2020 22:53:44 GMT","server":"ESF","cache-control":"private","x-xss-protection":"0","x-frame-options":"SAMEORIGIN","x-content-type-options":"nosniff","alt-svc":"h3-29=\":443\"; ma=2592000,h3-T051=\":443\"; ma=2592000,h3-Q050=\":443\"; ma=2592000,h3-Q046=\":443\"; ma=2592000,h3-Q043=\":443\"; ma=2592000,quic=\":443\"; ma=2592000; v=\"46,43\"","accept-ranges":"none","transfer-encoding":"chunked"}
[info] i  Using project dajocars (dajocars) 
[info] 
=== Hosting Setup
[info] 
[info] Your public directory is the folder (relative to your project directory) that
[info] will contain Hosting assets to be uploaded with firebase deploy. If you
[info] have a build process for your assets, use your build's output directory.
[info] 
[debug] [2020-12-23T02:13:47.716Z] >>> [apiv2][query] GET https://www.gstatic.com/firebasejs/releases.json [none]
[debug] [2020-12-23T02:13:48.239Z] <<< [apiv2][status] GET https://www.gstatic.com/firebasejs/releases.json 200
[debug] [2020-12-23T02:13:48.240Z] <<< [apiv2][body] GET https://www.gstatic.com/firebasejs/releases.json {"current":{"version":"8.2.1","browserURL":"https://www.gstatic.com/firebasejs/8.2.1/firebase.js","packageURL":"https://www.gstatic.com/firebasejs/8.2.1/firebase.tgz"},"live":{"version":"8.2","browserURL":"https://www.gstatic.com/firebasejs/live/8.2/firebase.js","packageURL":"https://www.gstatic.com/firebasejs/live/8.2/firebase.tgz"},"components":{"analytics":"https://www.gstatic.com/firebasejs/8.2.1/firebase-analytics.js","app":"https://www.gstatic.com/firebasejs/8.2.1/firebase-app.js","auth":"https://www.gstatic.com/firebasejs/8.2.1/firebase-auth.js","database":"https://www.gstatic.com/firebasejs/8.2.1/firebase-database.js","firestore":"https://www.gstatic.com/firebasejs/8.2.1/firebase-firestore.js","functions":"https://www.gstatic.com/firebasejs/8.2.1/firebase-functions.js","installations":"https://www.gstatic.com/firebasejs/8.2.1/firebase-installations.js","messaging":"https://www.gstatic.com/firebasejs/8.2.1/firebase-messaging.js","storage":"https://www.gstatic.com/firebasejs/8.2.1/firebase-storage.js","performance":"https://www.gstatic.com/firebasejs/8.2.1/firebase-performance.js","remote-config":"https://www.gstatic.com/firebasejs/8.2.1/firebase-remote-config.js","firestore.memory":"https://www.gstatic.com/firebasejs/8.2.1/firebase-firestore.memory.js"}}
[info] +  Wrote dist/index.html 
[info] 
[info] i  Detected a .git folder at C:\dev\angular\projects\dajocars\dajocars 
[info] i  Authorizing with GitHub to upload your service account to a GitHub repository's secrets store. 
[info] 
[info] Visit this URL on this device to log in:
[info] https://github.com/login/oauth/authorize?client_id=89cf50f02ac6aaed3484&state=968316756&redirect_uri=http%3A%2F%2Flocalhost%3A9005&scope=read%3Auser%20repo%20public_repo
[info] 
[info] Waiting for authentication...
